[debug] [2020-11-15T06:57:20.525Z] ----------------------------------------------------------------------
[debug] [2020-11-15T06:57:20.532Z] Command:       /usr/bin/node /usr/bin/firebase emulators:start
[debug] [2020-11-15T06:57:20.533Z] CLI Version:   8.16.2
[debug] [2020-11-15T06:57:20.533Z] Platform:      linux
[debug] [2020-11-15T06:57:20.534Z] Node Version:  v14.15.0
[debug] [2020-11-15T06:57:20.535Z] Time:          Sun Nov 15 2020 12:27:20 GMT+0530 (India Standard Time)
[debug] [2020-11-15T06:57:20.535Z] ----------------------------------------------------------------------
[debug] [2020-11-15T06:57:20.536Z] 
[debug] [2020-11-15T06:57:20.644Z] > command requires scopes: ["email","openid","https://www.googleapis.com/auth/cloudplatformprojects.readonly","https://www.googleapis.com/auth/firebase","https://www.googleapis.com/auth/cloud-platform"]
[debug] [2020-11-15T06:57:20.645Z] > authorizing via signed-in user
[info] i  emulators: Starting emulators: functions, hosting {"metadata":{"emulator":{"name":"hub"},"message":"Starting emulators: functions, hosting"}}
[debug] [2020-11-15T06:57:20.686Z] [hub] writing locator at /tmp/hub-unofficial-5cad3.json
[warn] ⚠  functions: The following emulators are not running, calls to these services from the Functions emulator will affect production: auth, firestore, database, pubsub {"metadata":{"emulator":{"name":"functions"},"message":"The following emulators are not running, calls to these services from the Functions emulator will affect production: \u001b[1mauth, firestore, database, pubsub\u001b[22m"}}
[warn] ⚠  Your requested "node" version "12" doesn't match your global version "14" {"metadata":{"emulator":{"name":"functions"},"message":"Your requested \"node\" version \"12\" doesn't match your global version \"14\""}}
[debug] [2020-11-15T06:57:20.767Z] defaultcredentials: writing to file /home/root-abhi/.config/firebase/abhishekpatel946_gmail_com_application_default_credentials.json
[debug] [2020-11-15T06:57:20.820Z] Setting GAC to /home/root-abhi/.config/firebase/abhishekpatel946_gmail_com_application_default_credentials.json {"metadata":{"emulator":{"name":"functions"},"message":"Setting GAC to /home/root-abhi/.config/firebase/abhishekpatel946_gmail_com_application_default_credentials.json"}}
[debug] [2020-11-15T06:57:21.801Z] >>> HTTP REQUEST GET https://firebase.googleapis.com/v1beta1/projects/unofficial-5cad3/webApps/-/config  
 
[debug] [2020-11-15T06:57:23.537Z] <<< HTTP RESPONSE 200 {"content-type":"application/json; charset=UTF-8","vary":"X-Origin, Referer, Origin,Accept-Encoding","date":"Sun, 15 Nov 2020 06:57:23 GMT","server":"ESF","cache-control":"private","x-xss-protection":"0","x-frame-options":"SAMEORIGIN","x-content-type-options":"nosniff","alt-svc":"h3-Q050=\":443\"; ma=2592000,h3-29=\":443\"; ma=2592000,h3-T051=\":443\"; ma=2592000,h3-Q046=\":443\"; ma=2592000,h3-Q043=\":443\"; ma=2592000,quic=\":443\"; ma=2592000; v=\"46,43\"","accept-ranges":"none","transfer-encoding":"chunked"}
[info] i  hosting: Serving hosting files from: build {"metadata":{"emulator":{"name":"hosting"},"message":"Serving hosting files from: \u001b[1mbuild\u001b[22m"}}
[info] ✔  hosting: Local server: http://localhost:5000 {"metadata":{"emulator":{"name":"hosting"},"message":"Local server: \u001b[4m\u001b[1mhttp://localhost:5000\u001b[22m\u001b[24m"}}
[debug] [2020-11-15T06:57:24.429Z] Ignoring unsupported arg: auto_download {"metadata":{"emulator":{"name":"ui"},"message":"Ignoring unsupported arg: auto_download"}}
[debug] [2020-11-15T06:57:24.429Z] Ignoring unsupported arg: port {"metadata":{"emulator":{"name":"ui"},"message":"Ignoring unsupported arg: port"}}
[debug] [2020-11-15T06:57:24.429Z] Starting Emulator UI with command {"binary":"node","args":["/home/root-abhi/.cache/firebase/emulators/ui-v1.2.2/server.bundle.js"],"optionalArgs":[],"joinArgs":false} {"metadata":{"emulator":{"name":"ui"},"message":"Starting Emulator UI with command {\"binary\":\"node\",\"args\":[\"/home/root-abhi/.cache/firebase/emulators/ui-v1.2.2/server.bundle.js\"],\"optionalArgs\":[],\"joinArgs\":false}"}}
[info] i  ui: Emulator UI logging to ui-debug.log {"metadata":{"emulator":{"name":"ui"},"message":"Emulator UI logging to \u001b[1mui-debug.log\u001b[22m"}}
[debug] [2020-11-15T06:57:24.557Z] Web / API server started at http://localhost:4000
 {"metadata":{"emulator":{"name":"ui"},"message":"Web / API server started at http://localhost:4000\n"}}
[info] i  functions: Watching "/home/root-abhi/Desktop/Linux/Unofficial-Amazon/functions" for Cloud Functions... {"metadata":{"emulator":{"name":"functions"},"message":"Watching \"/home/root-abhi/Desktop/Linux/Unofficial-Amazon/functions\" for Cloud Functions..."}}
[debug] [2020-11-15T06:57:24.694Z] [worker-pool] addWorker(~diagnostic~) {"metadata":{"emulator":{"name":"functions"},"message":"[worker-pool] addWorker(~diagnostic~)"}}
[debug] [2020-11-15T06:57:24.695Z] [worker-pool] Adding worker with key ~diagnostic~, total=1 {"metadata":{"emulator":{"name":"functions"},"message":"[worker-pool] Adding worker with key ~diagnostic~, total=1"}}
[debug] [2020-11-15T06:57:24.695Z] [worker-pool] submitWork(triggerId=) {"metadata":{"emulator":{"name":"functions"},"message":"[worker-pool] submitWork(triggerId=)"}}
[debug] [2020-11-15T06:57:24.695Z] [worker-~diagnostic~-e863866d-1fd0-401c-b15c-8d76a63dbc36]: Assigning socketPath: /tmp/fire_emu_5658.sock {"metadata":{"emulator":{"name":"functions"},"message":"[worker-~diagnostic~-e863866d-1fd0-401c-b15c-8d76a63dbc36]: Assigning socketPath: /tmp/fire_emu_5658.sock"}}
[debug] [2020-11-15T06:57:24.695Z] [worker-~diagnostic~-e863866d-1fd0-401c-b15c-8d76a63dbc36]: BUSY {"metadata":{"emulator":{"name":"functions"},"message":"[worker-~diagnostic~-e863866d-1fd0-401c-b15c-8d76a63dbc36]: BUSY"}}
[debug] [2020-11-15T06:57:25.012Z] [runtime-status] [5658] Functions runtime initialized. {"cwd":"/home/root-abhi/Desktop/Linux/Unofficial-Amazon/functions","node_version":"14.15.0"} {"metadata":{"emulator":{"name":"functions"},"message":"[runtime-status] [5658] Functions runtime initialized. {\"cwd\":\"/home/root-abhi/Desktop/Linux/Unofficial-Amazon/functions\",\"node_version\":\"14.15.0\"}"}}
[debug] [2020-11-15T06:57:25.015Z] [runtime-status] [5658] Disabled runtime features: undefined {"metadata":{"emulator":{"name":"functions"},"message":"[runtime-status] [5658] Disabled runtime features: undefined"}}
[debug] [2020-11-15T06:57:25.036Z] [runtime-status] [5658] Resolved module firebase-admin {"declared":true,"installed":true,"version":"9.4.1","resolution":"/home/root-abhi/Desktop/Linux/Unofficial-Amazon/functions/node_modules/firebase-admin/lib/index.js"} {"metadata":{"emulator":{"name":"functions"},"message":"[runtime-status] [5658] Resolved module firebase-admin {\"declared\":true,\"installed\":true,\"version\":\"9.4.1\",\"resolution\":\"/home/root-abhi/Desktop/Linux/Unofficial-Amazon/functions/node_modules/firebase-admin/lib/index.js\"}"}}
[debug] [2020-11-15T06:57:25.054Z] [runtime-status] [5658] Resolved module firebase-functions {"declared":true,"installed":true,"version":"3.11.0","resolution":"/home/root-abhi/Desktop/Linux/Unofficial-Amazon/functions/node_modules/firebase-functions/lib/index.js"} {"metadata":{"emulator":{"name":"functions"},"message":"[runtime-status] [5658] Resolved module firebase-functions {\"declared\":true,\"installed\":true,\"version\":\"3.11.0\",\"resolution\":\"/home/root-abhi/Desktop/Linux/Unofficial-Amazon/functions/node_modules/firebase-functions/lib/index.js\"}"}}
[debug] [2020-11-15T06:57:25.079Z] [runtime-status] [5658] Resolved module firebase-functions {"declared":true,"installed":true,"version":"3.11.0","resolution":"/home/root-abhi/Desktop/Linux/Unofficial-Amazon/functions/node_modules/firebase-functions/lib/index.js"} {"metadata":{"emulator":{"name":"functions"},"message":"[runtime-status] [5658] Resolved module firebase-functions {\"declared\":true,\"installed\":true,\"version\":\"3.11.0\",\"resolution\":\"/home/root-abhi/Desktop/Linux/Unofficial-Amazon/functions/node_modules/firebase-functions/lib/index.js\"}"}}
[debug] [2020-11-15T06:57:25.081Z] [runtime-status] [5658] Outgoing network have been stubbed. [{"name":"http","status":"mocked"},{"name":"http","status":"mocked"},{"name":"https","status":"mocked"},{"name":"https","status":"mocked"},{"name":"net","status":"mocked"}] {"metadata":{"emulator":{"name":"functions"},"message":"[runtime-status] [5658] Outgoing network have been stubbed. [{\"name\":\"http\",\"status\":\"mocked\"},{\"name\":\"http\",\"status\":\"mocked\"},{\"name\":\"https\",\"status\":\"mocked\"},{\"name\":\"https\",\"status\":\"mocked\"},{\"name\":\"net\",\"status\":\"mocked\"}]"}}
[debug] [2020-11-15T06:57:25.082Z] [runtime-status] [5658] Resolved module firebase-functions {"declared":true,"installed":true,"version":"3.11.0","resolution":"/home/root-abhi/Desktop/Linux/Unofficial-Amazon/functions/node_modules/firebase-functions/lib/index.js"} {"metadata":{"emulator":{"name":"functions"},"message":"[runtime-status] [5658] Resolved module firebase-functions {\"declared\":true,\"installed\":true,\"version\":\"3.11.0\",\"resolution\":\"/home/root-abhi/Desktop/Linux/Unofficial-Amazon/functions/node_modules/firebase-functions/lib/index.js\"}"}}
[debug] [2020-11-15T06:57:25.431Z] [runtime-status] [5658] Checked functions.config() {"config":{}} {"metadata":{"emulator":{"name":"functions"},"message":"[runtime-status] [5658] Checked functions.config() {\"config\":{}}"}}
[debug] [2020-11-15T06:57:25.431Z] [runtime-status] [5658] firebase-functions has been stubbed. {"functionsResolution":{"declared":true,"installed":true,"version":"3.11.0","resolution":"/home/root-abhi/Desktop/Linux/Unofficial-Amazon/functions/node_modules/firebase-functions/lib/index.js"}} {"metadata":{"emulator":{"name":"functions"},"message":"[runtime-status] [5658] firebase-functions has been stubbed. {\"functionsResolution\":{\"declared\":true,\"installed\":true,\"version\":\"3.11.0\",\"resolution\":\"/home/root-abhi/Desktop/Linux/Unofficial-Amazon/functions/node_modules/firebase-functions/lib/index.js\"}}"}}
[debug] [2020-11-15T06:57:25.432Z] [runtime-status] [5658] Resolved module firebase-functions {"declared":true,"installed":true,"version":"3.11.0","resolution":"/home/root-abhi/Desktop/Linux/Unofficial-Amazon/functions/node_modules/firebase-functions/lib/index.js"} {"metadata":{"emulator":{"name":"functions"},"message":"[runtime-status] [5658] Resolved module firebase-functions {\"declared\":true,\"installed\":true,\"version\":\"3.11.0\",\"resolution\":\"/home/root-abhi/Desktop/Linux/Unofficial-Amazon/functions/node_modules/firebase-functions/lib/index.js\"}"}}
[debug] [2020-11-15T06:57:25.432Z] [runtime-status] [5658] Resolved module firebase-admin {"declared":true,"installed":true,"version":"9.4.1","resolution":"/home/root-abhi/Desktop/Linux/Unofficial-Amazon/functions/node_modules/firebase-admin/lib/index.js"} {"metadata":{"emulator":{"name":"functions"},"message":"[runtime-status] [5658] Resolved module firebase-admin {\"declared\":true,\"installed\":true,\"version\":\"9.4.1\",\"resolution\":\"/home/root-abhi/Desktop/Linux/Unofficial-Amazon/functions/node_modules/firebase-admin/lib/index.js\"}"}}
[debug] [2020-11-15T06:57:25.432Z] [runtime-status] [5658] Resolved module firebase-functions {"declared":true,"installed":true,"version":"3.11.0","resolution":"/home/root-abhi/Desktop/Linux/Unofficial-Amazon/functions/node_modules/firebase-functions/lib/index.js"} {"metadata":{"emulator":{"name":"functions"},"message":"[runtime-status] [5658] Resolved module firebase-functions {\"declared\":true,\"installed\":true,\"version\":\"3.11.0\",\"resolution\":\"/home/root-abhi/Desktop/Linux/Unofficial-Amazon/functions/node_modules/firebase-functions/lib/index.js\"}"}}
[debug] [2020-11-15T06:57:25.433Z] [runtime-status] [5658] firebase-admin has been stubbed. {"adminResolution":{"declared":true,"installed":true,"version":"9.4.1","resolution":"/home/root-abhi/Desktop/Linux/Unofficial-Amazon/functions/node_modules/firebase-admin/lib/index.js"}} {"metadata":{"emulator":{"name":"functions"},"message":"[runtime-status] [5658] firebase-admin has been stubbed. {\"adminResolution\":{\"declared\":true,\"installed\":true,\"version\":\"9.4.1\",\"resolution\":\"/home/root-abhi/Desktop/Linux/Unofficial-Amazon/functions/node_modules/firebase-admin/lib/index.js\"}}"}}
[info] ✔  functions[api]: http function initialized (http://localhost:5001/unofficial-5cad3/us-central1/api). {"metadata":{"emulator":{"name":"functions"},"message":"\u001b[1mhttp\u001b[22m function initialized (http://localhost:5001/unofficial-5cad3/us-central1/api)."}}
[info] 
┌────────────────────────────────────────────────────────────────┐
│ ✔  All emulators ready! View status and logs at localhost:4000 │
└────────────────────────────────────────────────────────────────┘

┌───────────┬────────────────┬──────────────────────────┐
│ Emulator  │ Host:Port      │ View in Emulator UI      │
├───────────┼────────────────┼──────────────────────────┤
│ Functions │ localhost:5001 │ localhost:4000/functions │
├───────────┼────────────────┼──────────────────────────┤
│ Hosting   │ localhost:5000 │ n/a                      │
└───────────┴────────────────┴──────────────────────────┘
  Other reserved ports: 4400, 4500

Issues? Report them at https://github.com/firebase/firebase-tools/issues and attach the *-debug.log files.
 
[debug] [2020-11-15T06:57:28.998Z] [worker-~diagnostic~-e863866d-1fd0-401c-b15c-8d76a63dbc36]: IDLE {"metadata":{"emulator":{"name":"functions"},"message":"[worker-~diagnostic~-e863866d-1fd0-401c-b15c-8d76a63dbc36]: IDLE"}}
[debug] [2020-11-15T07:12:55.091Z] File /home/root-abhi/Desktop/Linux/Unofficial-Amazon/functions/index.js changed, reloading triggers {"metadata":{"emulator":{"name":"functions"},"message":"File /home/root-abhi/Desktop/Linux/Unofficial-Amazon/functions/index.js changed, reloading triggers"}}
[debug] [2020-11-15T07:12:56.092Z] [worker-pool] Shutting down IDLE worker (~diagnostic~) {"metadata":{"emulator":{"name":"functions"},"message":"[worker-pool] Shutting down IDLE worker (~diagnostic~)"}}
[debug] [2020-11-15T07:12:56.093Z] [worker-~diagnostic~-e863866d-1fd0-401c-b15c-8d76a63dbc36]: FINISHING {"metadata":{"emulator":{"name":"functions"},"message":"[worker-~diagnostic~-e863866d-1fd0-401c-b15c-8d76a63dbc36]: FINISHING"}}
[debug] [2020-11-15T07:12:56.104Z] [worker-pool] addWorker(~diagnostic~) {"metadata":{"emulator":{"name":"functions"},"message":"[worker-pool] addWorker(~diagnostic~)"}}
[debug] [2020-11-15T07:12:56.105Z] [worker-pool] Adding worker with key ~diagnostic~, total=2 {"metadata":{"emulator":{"name":"functions"},"message":"[worker-pool] Adding worker with key ~diagnostic~, total=2"}}
[debug] [2020-11-15T07:12:56.106Z] [worker-pool] submitWork(triggerId=) {"metadata":{"emulator":{"name":"functions"},"message":"[worker-pool] submitWork(triggerId=)"}}
[debug] [2020-11-15T07:12:56.106Z] [worker-~diagnostic~-76f8b6bd-63a6-4e1a-829d-475e01875fee]: Assigning socketPath: /tmp/fire_emu_11947.sock {"metadata":{"emulator":{"name":"functions"},"message":"[worker-~diagnostic~-76f8b6bd-63a6-4e1a-829d-475e01875fee]: Assigning socketPath: /tmp/fire_emu_11947.sock"}}
[debug] [2020-11-15T07:12:56.107Z] [worker-~diagnostic~-76f8b6bd-63a6-4e1a-829d-475e01875fee]: BUSY {"metadata":{"emulator":{"name":"functions"},"message":"[worker-~diagnostic~-76f8b6bd-63a6-4e1a-829d-475e01875fee]: BUSY"}}
[debug] [2020-11-15T07:12:56.113Z] [worker-~diagnostic~-e863866d-1fd0-401c-b15c-8d76a63dbc36]: exited {"metadata":{"emulator":{"name":"functions"},"message":"[worker-~diagnostic~-e863866d-1fd0-401c-b15c-8d76a63dbc36]: exited"}}
[debug] [2020-11-15T07:12:56.113Z] [worker-~diagnostic~-e863866d-1fd0-401c-b15c-8d76a63dbc36]: FINISHED {"metadata":{"emulator":{"name":"functions"},"message":"[worker-~diagnostic~-e863866d-1fd0-401c-b15c-8d76a63dbc36]: FINISHED"}}
[debug] [2020-11-15T07:12:56.303Z] [runtime-status] [11947] Functions runtime initialized. {"cwd":"/home/root-abhi/Desktop/Linux/Unofficial-Amazon/functions","node_version":"14.15.0"} {"metadata":{"emulator":{"name":"functions"},"message":"[runtime-status] [11947] Functions runtime initialized. {\"cwd\":\"/home/root-abhi/Desktop/Linux/Unofficial-Amazon/functions\",\"node_version\":\"14.15.0\"}"}}
[debug] [2020-11-15T07:12:56.305Z] [runtime-status] [11947] Disabled runtime features: undefined {"metadata":{"emulator":{"name":"functions"},"message":"[runtime-status] [11947] Disabled runtime features: undefined"}}
[debug] [2020-11-15T07:12:56.309Z] [runtime-status] [11947] Resolved module firebase-admin {"declared":true,"installed":true,"version":"9.4.1","resolution":"/home/root-abhi/Desktop/Linux/Unofficial-Amazon/functions/node_modules/firebase-admin/lib/index.js"} {"metadata":{"emulator":{"name":"functions"},"message":"[runtime-status] [11947] Resolved module firebase-admin {\"declared\":true,\"installed\":true,\"version\":\"9.4.1\",\"resolution\":\"/home/root-abhi/Desktop/Linux/Unofficial-Amazon/functions/node_modules/firebase-admin/lib/index.js\"}"}}
[debug] [2020-11-15T07:12:56.309Z] [runtime-status] [11947] Resolved module firebase-functions {"declared":true,"installed":true,"version":"3.11.0","resolution":"/home/root-abhi/Desktop/Linux/Unofficial-Amazon/functions/node_modules/firebase-functions/lib/index.js"} {"metadata":{"emulator":{"name":"functions"},"message":"[runtime-status] [11947] Resolved module firebase-functions {\"declared\":true,\"installed\":true,\"version\":\"3.11.0\",\"resolution\":\"/home/root-abhi/Desktop/Linux/Unofficial-Amazon/functions/node_modules/firebase-functions/lib/index.js\"}"}}
[debug] [2020-11-15T07:12:56.310Z] [runtime-status] [11947] Resolved module firebase-functions {"declared":true,"installed":true,"version":"3.11.0","resolution":"/home/root-abhi/Desktop/Linux/Unofficial-Amazon/functions/node_modules/firebase-functions/lib/index.js"} {"metadata":{"emulator":{"name":"functions"},"message":"[runtime-status] [11947] Resolved module firebase-functions {\"declared\":true,\"installed\":true,\"version\":\"3.11.0\",\"resolution\":\"/home/root-abhi/Desktop/Linux/Unofficial-Amazon/functions/node_modules/firebase-functions/lib/index.js\"}"}}
[debug] [2020-11-15T07:12:56.312Z] [runtime-status] [11947] Outgoing network have been stubbed. [{"name":"http","status":"mocked"},{"name":"http","status":"mocked"},{"name":"https","status":"mocked"},{"name":"https","status":"mocked"},{"name":"net","status":"mocked"}] {"metadata":{"emulator":{"name":"functions"},"message":"[runtime-status] [11947] Outgoing network have been stubbed. [{\"name\":\"http\",\"status\":\"mocked\"},{\"name\":\"http\",\"status\":\"mocked\"},{\"name\":\"https\",\"status\":\"mocked\"},{\"name\":\"https\",\"status\":\"mocked\"},{\"name\":\"net\",\"status\":\"mocked\"}]"}}
[debug] [2020-11-15T07:12:56.313Z] [runtime-status] [11947] Resolved module firebase-functions {"declared":true,"installed":true,"version":"3.11.0","resolution":"/home/root-abhi/Desktop/Linux/Unofficial-Amazon/functions/node_modules/firebase-functions/lib/index.js"} {"metadata":{"emulator":{"name":"functions"},"message":"[runtime-status] [11947] Resolved module firebase-functions {\"declared\":true,\"installed\":true,\"version\":\"3.11.0\",\"resolution\":\"/home/root-abhi/Desktop/Linux/Unofficial-Amazon/functions/node_modules/firebase-functions/lib/index.js\"}"}}
[debug] [2020-11-15T07:12:56.337Z] [runtime-status] [11947] Checked functions.config() {"config":{}} {"metadata":{"emulator":{"name":"functions"},"message":"[runtime-status] [11947] Checked functions.config() {\"config\":{}}"}}
[debug] [2020-11-15T07:12:56.337Z] [runtime-status] [11947] firebase-functions has been stubbed. {"functionsResolution":{"declared":true,"installed":true,"version":"3.11.0","resolution":"/home/root-abhi/Desktop/Linux/Unofficial-Amazon/functions/node_modules/firebase-functions/lib/index.js"}} {"metadata":{"emulator":{"name":"functions"},"message":"[runtime-status] [11947] firebase-functions has been stubbed. {\"functionsResolution\":{\"declared\":true,\"installed\":true,\"version\":\"3.11.0\",\"resolution\":\"/home/root-abhi/Desktop/Linux/Unofficial-Amazon/functions/node_modules/firebase-functions/lib/index.js\"}}"}}
[debug] [2020-11-15T07:12:56.338Z] [runtime-status] [11947] Resolved module firebase-functions {"declared":true,"installed":true,"version":"3.11.0","resolution":"/home/root-abhi/Desktop/Linux/Unofficial-Amazon/functions/node_modules/firebase-functions/lib/index.js"} {"metadata":{"emulator":{"name":"functions"},"message":"[runtime-status] [11947] Resolved module firebase-functions {\"declared\":true,\"installed\":true,\"version\":\"3.11.0\",\"resolution\":\"/home/root-abhi/Desktop/Linux/Unofficial-Amazon/functions/node_modules/firebase-functions/lib/index.js\"}"}}
[debug] [2020-11-15T07:12:56.339Z] [runtime-status] [11947] Resolved module firebase-admin {"declared":true,"installed":true,"version":"9.4.1","resolution":"/home/root-abhi/Desktop/Linux/Unofficial-Amazon/functions/node_modules/firebase-admin/lib/index.js"} {"metadata":{"emulator":{"name":"functions"},"message":"[runtime-status] [11947] Resolved module firebase-admin {\"declared\":true,\"installed\":true,\"version\":\"9.4.1\",\"resolution\":\"/home/root-abhi/Desktop/Linux/Unofficial-Amazon/functions/node_modules/firebase-admin/lib/index.js\"}"}}
[debug] [2020-11-15T07:12:56.339Z] [runtime-status] [11947] Resolved module firebase-functions {"declared":true,"installed":true,"version":"3.11.0","resolution":"/home/root-abhi/Desktop/Linux/Unofficial-Amazon/functions/node_modules/firebase-functions/lib/index.js"} {"metadata":{"emulator":{"name":"functions"},"message":"[runtime-status] [11947] Resolved module firebase-functions {\"declared\":true,\"installed\":true,\"version\":\"3.11.0\",\"resolution\":\"/home/root-abhi/Desktop/Linux/Unofficial-Amazon/functions/node_modules/firebase-functions/lib/index.js\"}"}}
[debug] [2020-11-15T07:12:56.340Z] [runtime-status] [11947] firebase-admin has been stubbed. {"adminResolution":{"declared":true,"installed":true,"version":"9.4.1","resolution":"/home/root-abhi/Desktop/Linux/Unofficial-Amazon/functions/node_modules/firebase-admin/lib/index.js"}} {"metadata":{"emulator":{"name":"functions"},"message":"[runtime-status] [11947] firebase-admin has been stubbed. {\"adminResolution\":{\"declared\":true,\"installed\":true,\"version\":\"9.4.1\",\"resolution\":\"/home/root-abhi/Desktop/Linux/Unofficial-Amazon/functions/node_modules/firebase-admin/lib/index.js\"}}"}}
[debug] [2020-11-15T07:12:56.396Z] [worker-~diagnostic~-76f8b6bd-63a6-4e1a-829d-475e01875fee]: IDLE {"metadata":{"emulator":{"name":"functions"},"message":"[worker-~diagnostic~-76f8b6bd-63a6-4e1a-829d-475e01875fee]: IDLE"}}
